<testsuite errors="1" failures="0" name="Django Project Tests" skips="0" tests="61" time="16.291"><testcase classname="condo_manager.tests.ApiEndPointsTestCase" name="test_get_condo_details" time="0.059286" /><testcase classname="condo_manager.tests.ApiEndPointsTestCase" name="test_get_condo_property_detail" time="0.038099" /><testcase classname="condo_manager.tests.ApiEndPointsTestCase" name="test_get_resident_details" time="0.043938" /><testcase classname="condo_manager.tests.ApiEndPointsTestCase" name="test_get_user_details" time="0.036388" /><testcase classname="condo_manager.tests.ApiEndPointsTestCase" name="test_list_condo_properties" time="0.037794" /><testcase classname="condo_manager.tests.ApiEndPointsTestCase" name="test_modify_condo" time="0.045525" /><testcase classname="condo_manager.tests.ApiEndPointsTestCase" name="test_post_condo_registration" time="0.226760" /><testcase classname="condo_manager.tests.ApiEndPointsTestCase" name="test_post_property" time="0.040345" /><testcase classname="condo_manager.tests.ApiEndPointsTestCase" name="test_post_property_over_100" time="0.038765" /><testcase classname="condo_manager.tests.ApiEndPointsTestCase" name="test_property_share_negative" time="0.103498" /><testcase classname="condo_manager.tests.CondoTestCase" name="test_condo_approval" time="0.028057" /><testcase classname="condo_manager.tests.CondoTestCase" name="test_condo_can_get_current_period" time="0.037028" /><testcase classname="condo_manager.tests.CondoTestCase" name="test_condo_can_get_share_sum" time="0.020908" /><testcase classname="condo_manager.tests.CondoTestCase" name="test_create_bank_account" time="0.021931" /><testcase classname="condo_manager.tests.InmuebleTestCase" name="test_can_get_balance" time="0.035269" /><testcase classname="condo_manager.tests.InmuebleTestCase" name="test_inmueble_owner_change_signal" time="0.040336" /><testcase classname="condo_manager.tests.InmuebleTestCase" name="test_is_board_member" time="0.030303" /><testcase classname="condo_manager.tests.InmuebleTestCase" name="test_is_not_board_member" time="0.034037" /><testcase classname="condo_manager.tests.InmuebleTestCase" name="test_is_not_rented" time="0.029958" /><testcase classname="condo_manager.tests.InmuebleTestCase" name="test_is_rented" time="0.031506" /><testcase classname="condo_manager.tests.PermissionTestCase" name="test_condo_can_add_edit_its_properties" time="0.099799" /><testcase classname="condo_manager.tests.PermissionTestCase" name="test_condo_can_not_access_other_condos" time="0.059181" /><testcase classname="condo_manager.tests.PermissionTestCase" name="test_condo_can_not_add_edit_delete_others_properties" time="0.055826" /><testcase classname="condo_manager.tests.PermissionTestCase" name="test_condo_can_not_see_other_condo_residents" time="0.061908" /><testcase classname="condo_manager.tests.PermissionTestCase" name="test_condo_can_see_its_residents" time="0.061771" /><testcase classname="condo_manager.tests.PermissionTestCase" name="test_condo_can_see_itself" time="0.059427" /><testcase classname="condo_manager.tests.PermissionTestCase" name="test_others_property_cant_be_viewed_by_resident" time="0.056192" /><testcase classname="condo_manager.tests.PermissionTestCase" name="test_own_property_can_be_viewed_by_resident" time="0.070391" /><testcase classname="condo_manager.tests.PermissionTestCase" name="test_property_cant_be_created_by_resident" time="0.053135" /><testcase classname="condo_manager.tests.PermissionTestCase" name="test_resident_can_not_create_residents" time="0.054629" /><testcase classname="condo_manager.tests.PermissionTestCase" name="test_resident_can_not_edit_its_condo" time="0.052747" /><testcase classname="condo_manager.tests.PermissionTestCase" name="test_resident_can_not_view_unrelated_condos" time="0.059735" /><testcase classname="condo_manager.tests.PermissionTestCase" name="test_resident_can_view_its_condo" time="0.063740" /><testcase classname="condo_manager.tests.PermissionTestCase" name="test_resident_can_view_self" time="0.060185" /><testcase classname="condo_manager.tests.PermissionTestCase" name="test_resident_cant_view_other_residents" time="0.052951" /><testcase classname="condo_manager.tests.PermissionTestCase" name="test_user_can_edit_self" time="0.060107" /><testcase classname="condo_manager.tests.PermissionTestCase" name="test_user_can_not_edit_other_users" time="0.047848" /><testcase classname="condo_manager.tests.ResidentTestCase" name="test_resident_send_welcome_email" time="0.049584" /><testcase classname="condo_manager.tests.UserTestCase" name="test_user_get_full_name_with_company_name" time="0.020885" /><testcase classname="condo_manager.tests.UserTestCase" name="test_user_get_full_name_with_first_or_last_name" time="0.017178" /><testcase classname="condo_manager.tests.UserTestCase" name="test_user_get_full_name_without_first_or_last_name" time="0.016081" /><testcase classname="account_keeping.test.ApiEndPointsTestCase" name="test_cant_post_for_month_with_monthly_invoice" time="0.161957" /><testcase classname="account_keeping.test.ApiEndPointsTestCase" name="test_condo_and_resident_can_create_transactions" time="0.168399" /><testcase classname="account_keeping.test.ApiEndPointsTestCase" name="test_condo_and_resident_can_get_account_info" time="0.164072" /><testcase classname="account_keeping.test.ApiEndPointsTestCase" name="test_condo_can_create_expense_for_period_only" time="0.175779" /><testcase classname="account_keeping.test.ApiEndPointsTestCase" name="test_condo_can_only_view_its_own_transactions" time="0.158511" /><testcase classname="account_keeping.test.ApiEndPointsTestCase" name="test_invoice_can_only_be_created_by_condos" time="0.145596" /><testcase classname="account_keeping.test.ApiEndPointsTestCase" name="test_invoice_cant_be_modified_once_marked_payed" time="0.144063" /><testcase classname="account_keeping.test.ApiEndPointsTestCase" name="test_invoice_cant_be_modified_unless_to_be_marked_as_payed" time="0.170761" /><testcase classname="account_keeping.test.ApiEndPointsTestCase" name="test_invoice_marked_as_payed" time="0.161376" /><testcase classname="account_keeping.test.ApiEndPointsTestCase" name="test_invoice_monthly_boundaries" time="0.199312" /><testcase classname="account_keeping.test.ApiEndPointsTestCase" name="test_only_condo_can_create_accounts" time="0.142956" /><testcase classname="account_keeping.test.ApiEndPointsTestCase" name="test_only_condo_can_delete_accounts" time="0.163129" /><testcase classname="account_keeping.test.ApiEndPointsTestCase" name="test_only_condo_can_update_accounts" time="0.170626" /><testcase classname="account_keeping.test.ApiEndPointsTestCase" name="test_only_condo_update_transactions" time="0.148428" /><testcase classname="account_keeping.test.ApiEndPointsTestCase" name="test_only_one_monthly_invoice_per_month" time="0.140590" /><testcase classname="account_keeping.test.ApiEndPointsTestCase" name="test_resident_can_only_view_its_condo_transactions" time="0.175569" /><testcase classname="account_keeping.test.ApiEndPointsTestCase" name="test_residents_can_only_create_transaction_type_deposit" time="0.154647" /><testcase classname="account_keeping.test.ApiEndPointsTestCase" name="test_transactions_prohibited_for_insert_for_closed_month" time="0.163055" /><testcase classname="account_keeping.test.ApiEndPointsTestCase" name="test_transactions_prohibited_for_update_for_closed_month" time="0.168018" /><testcase classname="account_keeping.test.InvoiceTestCase" name="test_orders_cant_be_edited_once_invoiced" time="0.059716"><error message="" type="builtins.NotImplementedError">Traceback (most recent call last):
  File "/home/einstein/condominioaldia/condominioaldia/account_keeping/test.py", line 41, in test_orders_cant_be_edited_once_invoiced
    raise NotImplementedError
NotImplementedError
</error></testcase></testsuite>